
[2020-03-26T19:36:13.705] [INFO] APP - Responce Time of search By ID 342
[2020-03-26T19:36:13.706] [ERROR] CLI - Wrong Input By User
[2020-03-26T19:36:20.805] [INFO] CLI - Cheese was breeding ground for listeria.
[2020-03-26T19:36:20.996] [INFO] APP - Responce Time of search 190
[2020-03-26T19:36:23.821] [INFO] APP - Success Fully Completed
[2020-03-26T19:36:30.319] [INFO] APP - Responce Time of search By ID 271
[2020-03-26T19:36:30.320] [ERROR] CLI - Wrong Input By User
[2020-03-26T19:36:59.335] [INFO] APP - Responce Time of search By ID -635
[2020-03-26T19:50:29.309] [INFO] CLI - Cheese was breeding ground for listeria.
[2020-03-26T19:50:29.668] [INFO] APP - Responce Time of search 358
[2020-03-26T19:50:38.324] [INFO] APP - Success Fully Completed
[2020-03-26T19:51:08.184] [INFO] CLI - Cheese was breeding ground for listeria.
[2020-03-26T19:51:08.467] [INFO] APP - Responce Time of search 280
[2020-03-26T19:52:12.360] [INFO] APP - Success Fully Completed
[2020-05-09T23:56:21.128] [INFO] APP - Responce Time of search -628
[2020-05-09T23:56:35.968] [INFO] APP - Responce Time of search 326
[2020-05-09T23:57:37.892] [INFO] APP - Responce Time of search 320
[2020-05-09T23:57:37.893] [INFO] APP - Success Fully Completed
[2020-05-09T23:58:44.947] [INFO] APP - Responce Time of search 307
[2020-05-09T23:58:44.947] [INFO] APP - Success Fully Completed
[2020-05-10T00:00:18.763] [INFO] APP - Responce Time of search 325
[2020-05-10T00:00:18.764] [INFO] APP - Success Fully Completed
[2020-05-10T00:00:53.379] [INFO] APP - Success Fully Completed
[2020-05-10T00:01:02.021] [INFO] APP - Success Fully Completed
[2020-05-10T00:01:25.117] [INFO] APP - Success Fully Completed
[2020-05-10T00:02:22.834] [INFO] APP - Success Fully Completed
[2020-05-10T00:02:26.159] [INFO] APP - Success Fully Completed
[2020-05-10T00:02:39.048] [INFO] APP - Success Fully Completed
[2020-05-10T00:03:21.221] [INFO] APP - Success Fully Completed
[2020-05-10T00:04:01.728] [INFO] APP - Success Fully Completed
[2020-05-10T00:04:01.747] [INFO] APP - Success Fully Completed
[2020-05-10T00:04:01.763] [INFO] APP - Success Fully Completed
[2020-05-10T00:04:21.534] [INFO] APP - Success Fully Completed
[2020-05-10T00:04:21.540] [INFO] APP - Success Fully Completed
[2020-05-10T00:04:21.568] [INFO] APP - Success Fully Completed
[2020-05-10T00:06:19.367] [INFO] APP - Success Fully Completed
[2020-05-10T00:07:00.134] [INFO] APP - Success Fully Completed
[2020-05-10T00:08:11.202] [INFO] APP - Success Fully Completed
[2020-05-10T00:13:00.021] [INFO] APP - Success Fully Completed
[2020-05-10T00:13:09.083] [INFO] APP - Success Fully Completed
[2020-05-10T01:28:00.025] [INFO] APP - Success Fully Completed
[2020-05-10T01:28:06.654] [INFO] APP - Success Fully Completed
[2020-05-10T01:28:55.546] [INFO] APP - Success Fully Completed
[2020-05-10T01:29:30.005] [INFO] APP - Success Fully Completed
[2020-05-10T01:30:11.210] [INFO] APP - Success Fully Completed
[2020-05-10T01:30:25.075] [INFO] APP - Success Fully Completed
[2020-05-10T01:30:55.763] [INFO] APP - Success Fully Completed
[2020-05-10T01:31:42.767] [INFO] APP - Success Fully Completed
[2020-05-10T01:32:01.232] [INFO] APP - Success Fully Completed
[2020-05-10T01:32:45.413] [INFO] APP - Success Fully Completed
[2020-05-10T01:32:53.885] [INFO] APP - Success Fully Completed
[2020-05-10T01:33:11.647] [INFO] APP - Success Fully Completed
[2020-05-10T01:33:52.690] [INFO] APP - Responce Time of search By ID 375
[2020-05-10T01:34:32.618] [INFO] APP - Responce Time of search By ID 263
[2020-05-10T19:57:06.964] [INFO] APP - Success Fully Completed
[2020-05-10T19:57:27.943] [INFO] APP - Success Fully Completed
[2020-05-10T21:04:35.408] [INFO] APP - Success Fully Completed
[2020-05-10T21:04:55.069] [INFO] APP - Success Fully Completed
[2020-05-10T21:06:59.734] [INFO] APP - Success Fully Completed
[2020-05-10T21:08:10.505] [INFO] APP - Success Fully Completed
[2020-05-10T21:08:12.568] [INFO] APP - Success Fully Completed
[2020-05-10T21:08:13.144] [INFO] APP - Success Fully Completed
[2020-05-10T21:09:38.996] [INFO] APP - Success Fully Completed
[2020-05-10T21:09:43.807] [INFO] APP - Success Fully Completed
[2020-05-10T21:10:07.225] [INFO] APP - Success Fully Completed
[2020-05-10T21:10:59.440] [INFO] APP - Success Fully Completed
[2020-05-10T21:12:09.520] [INFO] APP - Success Fully Completed
[2020-05-10T21:12:15.739] [INFO] APP - Success Fully Completed
[2020-05-10T21:12:29.946] [INFO] APP - Success Fully Completed
[2020-05-10T21:13:09.082] [INFO] APP - Success Fully Completed
[2020-05-10T21:13:29.922] [INFO] APP - Success Fully Completed
[2020-05-10T21:14:07.897] [INFO] APP - Success Fully Completed
[2020-05-10T21:15:41.521] [INFO] APP - Success Fully Completed
[2020-05-10T21:18:07.015] [INFO] APP - Success Fully Completed
[2020-05-10T21:18:50.651] [INFO] APP - Success Fully Completed
[2020-05-10T21:19:19.982] [INFO] APP - Success Fully Completed
[2020-05-10T21:34:55.660] [INFO] APP - Success Fully Completed
[2020-05-10T21:35:02.507] [INFO] APP - Success Fully Completed
[2020-05-10T21:35:08.854] [INFO] APP - Success Fully Completed
[2020-05-10T21:35:12.763] [INFO] APP - Success Fully Completed
[2020-05-10T21:35:21.444] [INFO] APP - Success Fully Completed
[2020-05-10T21:36:01.977] [INFO] APP - Success Fully Completed
[2020-05-10T21:36:44.536] [INFO] APP - Success Fully Completed
[2020-05-10T21:39:33.630] [INFO] APP - Success Fully Completed
[2020-05-10T21:52:45.215] [INFO] APP - Success Fully Completed
[2020-05-10T21:53:01.605] [INFO] APP - Success Fully Completed
[2020-05-10T21:53:29.303] [INFO] APP - Success Fully Completed
[2020-05-10T21:54:05.354] [INFO] APP - Success Fully Completed
[2020-05-10T22:02:43.569] [INFO] APP - Responce Time of search By ID 255
[2020-05-10T22:03:31.955] [INFO] APP - Success Fully Completed
[2020-05-10T22:05:11.765] [INFO] APP - Responce Time of search By ID 284
[2020-05-10T22:36:24.299] [INFO] APP - Success Fully Completed
[2020-05-10T22:38:20.193] [INFO] APP - Responce Time of search By ID -704
[2020-05-10T22:55:31.682] [INFO] APP - Responce Time of search By ID 357
[2020-05-10T22:55:43.832] [INFO] APP - Success Fully Completed
[2020-05-10T22:55:46.807] [INFO] APP - Responce Time of search By ID 242
[2020-05-10T22:55:48.668] [INFO] APP - Success Fully Completed
[2020-05-10T22:55:49.805] [INFO] APP - Responce Time of search By ID 244
[2020-05-10T22:55:50.411] [INFO] APP - Success Fully Completed
[2020-05-10T22:57:37.040] [INFO] APP - Success Fully Completed
[2020-05-10T22:57:54.720] [INFO] APP - Success Fully Completed
[2020-05-10T22:58:04.842] [INFO] APP - Success Fully Completed
[2020-05-10T22:59:02.381] [INFO] APP - Success Fully Completed
[2020-05-10T23:00:00.370] [INFO] APP - Success Fully Completed
[2020-05-10T23:00:06.961] [INFO] APP - Responce Time of search By ID 225
[2020-05-10T23:01:08.585] [INFO] APP - Responce Time of search By ID 249
[2020-05-10T23:01:12.887] [INFO] APP - Success Fully Completed
[2020-05-10T23:01:26.856] [INFO] APP - Success Fully Completed
[2020-05-10T23:02:57.643] [INFO] APP - Responce Time of search By ID 223
[2020-05-10T23:03:00.132] [INFO] APP - Responce Time of search By ID -703
[2020-05-10T23:03:05.609] [INFO] APP - Responce Time of search By ID 235
[2020-05-10T23:03:17.242] [INFO] APP - Responce Time of search By ID 153
[2020-05-10T23:03:22.180] [INFO] APP - Responce Time of search By ID -732
[2020-05-10T23:05:04.957] [INFO] APP - Responce Time of search By ID 274
[2020-05-10T23:05:05.812] [INFO] APP - Responce Time of search By ID 255
[2020-05-10T23:05:06.054] [INFO] APP - Responce Time of search By ID -759
[2020-05-10T23:05:07.561] [INFO] APP - Success Fully Completed
[2020-05-10T23:05:09.712] [INFO] APP - Success Fully Completed
[2020-05-10T23:05:14.163] [INFO] APP - Responce Time of search By ID -775
[2020-05-10T23:06:34.706] [INFO] APP - Success Fully Completed
[2020-05-10T23:06:37.174] [INFO] APP - Success Fully Completed
[2020-05-10T23:06:38.261] [INFO] APP - Success Fully Completed
[2020-05-10T23:06:39.542] [INFO] APP - Success Fully Completed
[2020-05-10T23:06:51.359] [INFO] APP - Success Fully Completed
[2020-05-10T23:07:02.152] [INFO] APP - Success Fully Completed
[2020-05-10T23:07:10.961] [INFO] APP - Responce Time of search By ID 271
[2020-05-10T23:08:13.155] [INFO] APP - Responce Time of search By ID -689
[2020-05-10T23:08:14.804] [INFO] APP - Success Fully Completed
[2020-05-10T23:08:34.211] [INFO] APP - Responce Time of search By ID -772
[2020-05-10T23:11:48.574] [INFO] APP - Success Fully Completed
[2020-05-10T23:11:51.975] [INFO] APP - Responce Time of search By ID 241
[2020-05-10T23:12:01.779] [INFO] APP - Responce Time of search By ID 228
[2020-05-10T23:13:14.790] [INFO] APP - Responce Time of search By ID 333
[2020-05-10T23:13:39.693] [INFO] APP - Success Fully Completed
[2020-05-10T23:13:40.003] [INFO] APP - Success Fully Completed
[2020-05-10T23:13:42.668] [INFO] APP - Responce Time of search By ID 256
[2020-05-10T23:14:27.493] [INFO] APP - Success Fully Completed
[2020-05-10T23:14:31.267] [INFO] APP - Responce Time of search By ID -622
[2020-05-10T23:15:11.121] [INFO] APP - Success Fully Completed
[2020-05-10T23:15:16.451] [INFO] APP - Responce Time of search By ID 250
[2020-05-10T23:15:18.815] [INFO] APP - Success Fully Completed
[2020-05-10T23:15:24.583] [INFO] APP - Responce Time of search By ID 287
[2020-05-10T23:15:40.747] [INFO] APP - Responce Time of search By ID 237
[2020-05-10T23:17:34.698] [INFO] APP - Success Fully Completed
[2020-05-10T23:17:40.112] [INFO] APP - Responce Time of search By ID -740
[2020-05-10T23:20:10.162] [INFO] APP - Responce Time of search By ID -670
[2020-05-10T23:20:20.230] [INFO] APP - Responce Time of search By ID -760
[2020-05-10T23:20:34.880] [INFO] APP - Success Fully Completed
[2020-05-10T23:20:40.405] [INFO] APP - Responce Time of search By ID 269
[2020-05-10T23:20:59.639] [INFO] APP - Responce Time of search By ID 260
[2020-05-10T23:21:48.637] [INFO] APP - Responce Time of search By ID 262
[2020-05-10T23:28:01.347] [INFO] APP - Success Fully Completed
[2020-05-10T23:28:03.897] [INFO] APP - Responce Time of search By ID 325
[2020-05-10T23:29:03.956] [INFO] APP - Success Fully Completed
[2020-05-10T23:29:09.684] [INFO] APP - Success Fully Completed
[2020-05-10T23:30:55.054] [INFO] APP - Success Fully Completed
[2020-05-10T23:31:04.531] [INFO] APP - Success Fully Completed
[2020-05-10T23:31:35.710] [INFO] APP - Success Fully Completed
[2020-05-10T23:31:41.623] [INFO] APP - Responce Time of search By ID 248
[2020-05-10T23:31:45.035] [INFO] APP - Success Fully Completed
[2020-05-10T23:35:09.990] [INFO] APP - Success Fully Completed
[2020-05-10T23:35:11.938] [INFO] APP - Success Fully Completed
[2020-05-10T23:42:16.024] [INFO] APP - Success Fully Completed
[2020-05-10T23:42:22.027] [INFO] APP - Responce Time of search By ID -773
[2020-05-11T00:04:34.078] [INFO] APP - Success Fully Completed
[2020-05-11T00:04:52.459] [INFO] APP - Success Fully Completed
[2020-05-11T00:04:59.722] [INFO] APP - Responce Time of search By ID 243
