
[2020-03-26T19:36:13.705] [INFO] APP - Responce Time of search By ID 342
[2020-03-26T19:36:13.706] [ERROR] CLI - Wrong Input By User
[2020-03-26T19:36:20.805] [INFO] CLI - Cheese was breeding ground for listeria.
[2020-03-26T19:36:20.996] [INFO] APP - Responce Time of search 190
[2020-03-26T19:36:23.821] [INFO] APP - Success Fully Completed
[2020-03-26T19:36:30.319] [INFO] APP - Responce Time of search By ID 271
[2020-03-26T19:36:30.320] [ERROR] CLI - Wrong Input By User
[2020-03-26T19:36:59.335] [INFO] APP - Responce Time of search By ID -635
[2020-03-26T19:50:29.309] [INFO] CLI - Cheese was breeding ground for listeria.
[2020-03-26T19:50:29.668] [INFO] APP - Responce Time of search 358
[2020-03-26T19:50:38.324] [INFO] APP - Success Fully Completed
[2020-03-26T19:51:08.184] [INFO] CLI - Cheese was breeding ground for listeria.
[2020-03-26T19:51:08.467] [INFO] APP - Responce Time of search 280
[2020-03-26T19:52:12.360] [INFO] APP - Success Fully Completed
[2020-05-09T23:56:21.128] [INFO] APP - Responce Time of search -628
[2020-05-09T23:56:35.968] [INFO] APP - Responce Time of search 326
[2020-05-09T23:57:37.892] [INFO] APP - Responce Time of search 320
[2020-05-09T23:57:37.893] [INFO] APP - Success Fully Completed
[2020-05-09T23:58:44.947] [INFO] APP - Responce Time of search 307
[2020-05-09T23:58:44.947] [INFO] APP - Success Fully Completed
[2020-05-10T00:00:18.763] [INFO] APP - Responce Time of search 325
[2020-05-10T00:00:18.764] [INFO] APP - Success Fully Completed
[2020-05-10T00:00:53.379] [INFO] APP - Success Fully Completed
[2020-05-10T00:01:02.021] [INFO] APP - Success Fully Completed
[2020-05-10T00:01:25.117] [INFO] APP - Success Fully Completed
[2020-05-10T00:02:22.834] [INFO] APP - Success Fully Completed
[2020-05-10T00:02:26.159] [INFO] APP - Success Fully Completed
[2020-05-10T00:02:39.048] [INFO] APP - Success Fully Completed
[2020-05-10T00:03:21.221] [INFO] APP - Success Fully Completed
[2020-05-10T00:04:01.728] [INFO] APP - Success Fully Completed
[2020-05-10T00:04:01.747] [INFO] APP - Success Fully Completed
[2020-05-10T00:04:01.763] [INFO] APP - Success Fully Completed
[2020-05-10T00:04:21.534] [INFO] APP - Success Fully Completed
[2020-05-10T00:04:21.540] [INFO] APP - Success Fully Completed
[2020-05-10T00:04:21.568] [INFO] APP - Success Fully Completed
[2020-05-10T00:06:19.367] [INFO] APP - Success Fully Completed
[2020-05-10T00:07:00.134] [INFO] APP - Success Fully Completed
[2020-05-10T00:08:11.202] [INFO] APP - Success Fully Completed
[2020-05-10T00:13:00.021] [INFO] APP - Success Fully Completed
[2020-05-10T00:13:09.083] [INFO] APP - Success Fully Completed
[2020-05-10T01:28:00.025] [INFO] APP - Success Fully Completed
[2020-05-10T01:28:06.654] [INFO] APP - Success Fully Completed
[2020-05-10T01:28:55.546] [INFO] APP - Success Fully Completed
[2020-05-10T01:29:30.005] [INFO] APP - Success Fully Completed
[2020-05-10T01:30:11.210] [INFO] APP - Success Fully Completed
[2020-05-10T01:30:25.075] [INFO] APP - Success Fully Completed
[2020-05-10T01:30:55.763] [INFO] APP - Success Fully Completed
[2020-05-10T01:31:42.767] [INFO] APP - Success Fully Completed
[2020-05-10T01:32:01.232] [INFO] APP - Success Fully Completed
[2020-05-10T01:32:45.413] [INFO] APP - Success Fully Completed
[2020-05-10T01:32:53.885] [INFO] APP - Success Fully Completed
[2020-05-10T01:33:11.647] [INFO] APP - Success Fully Completed
[2020-05-10T01:33:52.690] [INFO] APP - Responce Time of search By ID 375
[2020-05-10T01:34:32.618] [INFO] APP - Responce Time of search By ID 263
[2020-05-10T19:57:06.964] [INFO] APP - Success Fully Completed
[2020-05-10T19:57:27.943] [INFO] APP - Success Fully Completed
[2020-05-10T21:04:35.408] [INFO] APP - Success Fully Completed
[2020-05-10T21:04:55.069] [INFO] APP - Success Fully Completed
[2020-05-10T21:06:59.734] [INFO] APP - Success Fully Completed
[2020-05-10T21:08:10.505] [INFO] APP - Success Fully Completed
[2020-05-10T21:08:12.568] [INFO] APP - Success Fully Completed
[2020-05-10T21:08:13.144] [INFO] APP - Success Fully Completed
[2020-05-10T21:09:38.996] [INFO] APP - Success Fully Completed
[2020-05-10T21:09:43.807] [INFO] APP - Success Fully Completed
[2020-05-10T21:10:07.225] [INFO] APP - Success Fully Completed
[2020-05-10T21:10:59.440] [INFO] APP - Success Fully Completed
[2020-05-10T21:12:09.520] [INFO] APP - Success Fully Completed
[2020-05-10T21:12:15.739] [INFO] APP - Success Fully Completed
[2020-05-10T21:12:29.946] [INFO] APP - Success Fully Completed
[2020-05-10T21:13:09.082] [INFO] APP - Success Fully Completed
[2020-05-10T21:13:29.922] [INFO] APP - Success Fully Completed
[2020-05-10T21:14:07.897] [INFO] APP - Success Fully Completed
[2020-05-10T21:15:41.521] [INFO] APP - Success Fully Completed
[2020-05-10T21:18:07.015] [INFO] APP - Success Fully Completed
[2020-05-10T21:18:50.651] [INFO] APP - Success Fully Completed
[2020-05-10T21:19:19.982] [INFO] APP - Success Fully Completed
[2020-05-10T21:34:55.660] [INFO] APP - Success Fully Completed
[2020-05-10T21:35:02.507] [INFO] APP - Success Fully Completed
[2020-05-10T21:35:08.854] [INFO] APP - Success Fully Completed
[2020-05-10T21:35:12.763] [INFO] APP - Success Fully Completed
[2020-05-10T21:35:21.444] [INFO] APP - Success Fully Completed
[2020-05-10T21:36:01.977] [INFO] APP - Success Fully Completed
[2020-05-10T21:36:44.536] [INFO] APP - Success Fully Completed
[2020-05-10T21:39:33.630] [INFO] APP - Success Fully Completed
[2020-05-10T21:52:45.215] [INFO] APP - Success Fully Completed
[2020-05-10T21:53:01.605] [INFO] APP - Success Fully Completed
[2020-05-10T21:53:29.303] [INFO] APP - Success Fully Completed
[2020-05-10T21:54:05.354] [INFO] APP - Success Fully Completed
[2020-05-10T22:02:43.569] [INFO] APP - Responce Time of search By ID 255
[2020-05-10T22:03:31.955] [INFO] APP - Success Fully Completed
[2020-05-10T22:05:11.765] [INFO] APP - Responce Time of search By ID 284
[2020-05-10T22:36:24.299] [INFO] APP - Success Fully Completed
[2020-05-10T22:38:20.193] [INFO] APP - Responce Time of search By ID -704
[2020-05-10T22:55:31.682] [INFO] APP - Responce Time of search By ID 357
[2020-05-10T22:55:43.832] [INFO] APP - Success Fully Completed
[2020-05-10T22:55:46.807] [INFO] APP - Responce Time of search By ID 242
[2020-05-10T22:55:48.668] [INFO] APP - Success Fully Completed
[2020-05-10T22:55:49.805] [INFO] APP - Responce Time of search By ID 244
[2020-05-10T22:55:50.411] [INFO] APP - Success Fully Completed
[2020-05-10T22:57:37.040] [INFO] APP - Success Fully Completed
[2020-05-10T22:57:54.720] [INFO] APP - Success Fully Completed
[2020-05-10T22:58:04.842] [INFO] APP - Success Fully Completed
[2020-05-10T22:59:02.381] [INFO] APP - Success Fully Completed
[2020-05-10T23:00:00.370] [INFO] APP - Success Fully Completed
[2020-05-10T23:00:06.961] [INFO] APP - Responce Time of search By ID 225
[2020-05-10T23:01:08.585] [INFO] APP - Responce Time of search By ID 249
[2020-05-10T23:01:12.887] [INFO] APP - Success Fully Completed
[2020-05-10T23:01:26.856] [INFO] APP - Success Fully Completed
[2020-05-10T23:02:57.643] [INFO] APP - Responce Time of search By ID 223
[2020-05-10T23:03:00.132] [INFO] APP - Responce Time of search By ID -703
[2020-05-10T23:03:05.609] [INFO] APP - Responce Time of search By ID 235
[2020-05-10T23:03:17.242] [INFO] APP - Responce Time of search By ID 153
[2020-05-10T23:03:22.180] [INFO] APP - Responce Time of search By ID -732
[2020-05-10T23:05:04.957] [INFO] APP - Responce Time of search By ID 274
[2020-05-10T23:05:05.812] [INFO] APP - Responce Time of search By ID 255
[2020-05-10T23:05:06.054] [INFO] APP - Responce Time of search By ID -759
[2020-05-10T23:05:07.561] [INFO] APP - Success Fully Completed
[2020-05-10T23:05:09.712] [INFO] APP - Success Fully Completed
[2020-05-10T23:05:14.163] [INFO] APP - Responce Time of search By ID -775
[2020-05-10T23:06:34.706] [INFO] APP - Success Fully Completed
[2020-05-10T23:06:37.174] [INFO] APP - Success Fully Completed
[2020-05-10T23:06:38.261] [INFO] APP - Success Fully Completed
[2020-05-10T23:06:39.542] [INFO] APP - Success Fully Completed
[2020-05-10T23:06:51.359] [INFO] APP - Success Fully Completed
[2020-05-10T23:07:02.152] [INFO] APP - Success Fully Completed
[2020-05-10T23:07:10.961] [INFO] APP - Responce Time of search By ID 271
[2020-05-10T23:08:13.155] [INFO] APP - Responce Time of search By ID -689
[2020-05-10T23:08:14.804] [INFO] APP - Success Fully Completed
[2020-05-10T23:08:34.211] [INFO] APP - Responce Time of search By ID -772
[2020-05-10T23:11:48.574] [INFO] APP - Success Fully Completed
[2020-05-10T23:11:51.975] [INFO] APP - Responce Time of search By ID 241
[2020-05-10T23:12:01.779] [INFO] APP - Responce Time of search By ID 228
[2020-05-10T23:13:14.790] [INFO] APP - Responce Time of search By ID 333
[2020-05-10T23:13:39.693] [INFO] APP - Success Fully Completed
[2020-05-10T23:13:40.003] [INFO] APP - Success Fully Completed
[2020-05-10T23:13:42.668] [INFO] APP - Responce Time of search By ID 256
[2020-05-10T23:14:27.493] [INFO] APP - Success Fully Completed
[2020-05-10T23:14:31.267] [INFO] APP - Responce Time of search By ID -622
[2020-05-10T23:15:11.121] [INFO] APP - Success Fully Completed
[2020-05-10T23:15:16.451] [INFO] APP - Responce Time of search By ID 250
[2020-05-10T23:15:18.815] [INFO] APP - Success Fully Completed
[2020-05-10T23:15:24.583] [INFO] APP - Responce Time of search By ID 287
[2020-05-10T23:15:40.747] [INFO] APP - Responce Time of search By ID 237
[2020-05-10T23:17:34.698] [INFO] APP - Success Fully Completed
[2020-05-10T23:17:40.112] [INFO] APP - Responce Time of search By ID -740
[2020-05-10T23:20:10.162] [INFO] APP - Responce Time of search By ID -670
[2020-05-10T23:20:20.230] [INFO] APP - Responce Time of search By ID -760
[2020-05-10T23:20:34.880] [INFO] APP - Success Fully Completed
[2020-05-10T23:20:40.405] [INFO] APP - Responce Time of search By ID 269
[2020-05-10T23:20:59.639] [INFO] APP - Responce Time of search By ID 260
[2020-05-10T23:21:48.637] [INFO] APP - Responce Time of search By ID 262
[2020-05-10T23:28:01.347] [INFO] APP - Success Fully Completed
[2020-05-10T23:28:03.897] [INFO] APP - Responce Time of search By ID 325
[2020-05-10T23:29:03.956] [INFO] APP - Success Fully Completed
[2020-05-10T23:29:09.684] [INFO] APP - Success Fully Completed
[2020-05-10T23:30:55.054] [INFO] APP - Success Fully Completed
[2020-05-10T23:31:04.531] [INFO] APP - Success Fully Completed
[2020-05-10T23:31:35.710] [INFO] APP - Success Fully Completed
[2020-05-10T23:31:41.623] [INFO] APP - Responce Time of search By ID 248
[2020-05-10T23:31:45.035] [INFO] APP - Success Fully Completed
[2020-05-10T23:35:09.990] [INFO] APP - Success Fully Completed
[2020-05-10T23:35:11.938] [INFO] APP - Success Fully Completed
[2020-05-10T23:42:16.024] [INFO] APP - Success Fully Completed
[2020-05-10T23:42:22.027] [INFO] APP - Responce Time of search By ID -773
[2020-05-11T00:04:34.078] [INFO] APP - Success Fully Completed
[2020-05-11T00:04:52.459] [INFO] APP - Success Fully Completed
[2020-05-11T00:04:59.722] [INFO] APP - Responce Time of search By ID 243
[2020-05-11T22:53:08.879] [INFO] APP - Success Fully Completed
[2020-05-11T23:03:23.548] [INFO] APP - Success Fully Completed
[2020-05-11T23:04:25.144] [INFO] APP - Success Fully Completed
[2020-05-11T23:06:40.589] [INFO] APP - Success Fully Completed
[2020-05-11T23:06:45.154] [INFO] APP - Success Fully Completed
[2020-05-11T23:08:23.020] [INFO] APP - Success Fully Completed
[2020-05-11T23:09:55.855] [INFO] APP - Success Fully Completed
[2020-05-11T23:10:13.788] [INFO] APP - Success Fully Completed
[2020-05-11T23:10:41.390] [INFO] APP - Success Fully Completed
[2020-05-11T23:11:55.410] [INFO] APP - Success Fully Completed
[2020-05-11T23:13:07.868] [INFO] APP - Success Fully Completed
[2020-05-11T23:13:44.142] [INFO] APP - Success Fully Completed
[2020-05-11T23:14:16.733] [INFO] APP - Success Fully Completed
[2020-05-11T23:16:20.694] [INFO] APP - Success Fully Completed
[2020-05-11T23:16:51.104] [INFO] APP - Success Fully Completed
[2020-05-11T23:27:17.287] [INFO] APP - Success Fully Completed
[2020-05-11T23:28:39.368] [INFO] APP - Success Fully Completed
[2020-05-11T23:29:04.694] [INFO] APP - Success Fully Completed
[2020-05-11T23:30:47.088] [INFO] APP - Success Fully Completed
[2020-05-11T23:31:58.288] [INFO] APP - Success Fully Completed
[2020-05-11T23:32:01.412] [INFO] APP - Responce Time of search By ID 382
[2020-05-11T23:32:05.103] [INFO] APP - Success Fully Completed
[2020-05-11T23:32:11.329] [INFO] APP - Success Fully Completed
[2020-05-11T23:34:30.472] [INFO] APP - Success Fully Completed
[2020-05-11T23:35:43.142] [INFO] APP - Responce Time of search By ID -586
[2020-05-11T23:36:41.007] [INFO] APP - Success Fully Completed
[2020-05-11T23:36:43.682] [INFO] APP - Responce Time of search By ID 380
[2020-05-11T23:40:53.184] [INFO] APP - Success Fully Completed
[2020-05-11T23:40:57.960] [INFO] APP - Responce Time of search By ID 542
[2020-05-11T23:42:25.809] [INFO] APP - Success Fully Completed
[2020-05-11T23:42:28.563] [INFO] APP - Responce Time of search By ID 404
[2020-05-11T23:42:36.527] [INFO] APP - Success Fully Completed
[2020-05-11T23:42:39.449] [INFO] APP - Responce Time of search By ID 370
[2020-05-11T23:43:16.442] [INFO] APP - Success Fully Completed
[2020-05-11T23:43:38.222] [INFO] APP - Responce Time of search By ID -472
[2020-05-11T23:48:55.149] [INFO] APP - Success Fully Completed
[2020-05-11T23:49:01.051] [INFO] APP - Responce Time of search By ID -604
[2020-05-11T23:49:36.211] [INFO] APP - Success Fully Completed
[2020-05-11T23:49:38.644] [INFO] APP - Responce Time of search By ID 401
[2020-05-11T23:50:13.169] [INFO] APP - Success Fully Completed
[2020-05-11T23:50:16.491] [INFO] APP - Responce Time of search By ID 408
[2020-05-11T23:51:08.673] [INFO] APP - Success Fully Completed
[2020-05-11T23:51:10.959] [INFO] APP - Responce Time of search By ID 384
[2020-05-11T23:51:29.117] [INFO] APP - Success Fully Completed
[2020-05-11T23:51:32.374] [INFO] APP - Responce Time of search By ID -523
[2020-05-11T23:51:50.378] [INFO] APP - Success Fully Completed
[2020-05-11T23:51:53.496] [INFO] APP - Responce Time of search By ID 297
[2020-05-11T23:52:27.466] [INFO] APP - Success Fully Completed
[2020-05-11T23:52:32.906] [INFO] APP - Responce Time of search By ID 251
[2020-05-11T23:53:36.907] [INFO] APP - Responce Time of search By ID 602
[2020-05-11T23:53:53.657] [INFO] APP - Responce Time of search By ID 310
[2020-05-11T23:54:31.942] [INFO] APP - Responce Time of search By ID 263
[2020-05-11T23:54:34.515] [INFO] APP - Responce Time of search By ID 214
[2020-05-11T23:55:07.307] [INFO] APP - Responce Time of search By ID 272
[2020-05-11T23:55:31.887] [INFO] APP - Responce Time of search By ID 696
[2020-05-11T23:56:22.187] [INFO] APP - Responce Time of search By ID -749
[2020-05-11T23:57:20.033] [INFO] APP - Responce Time of search By ID -763
[2020-05-11T23:59:41.239] [INFO] APP - Success Fully Completed
[2020-05-11T23:59:54.943] [INFO] APP - Responce Time of search By ID 543
[2020-05-12T00:00:42.362] [INFO] APP - Success Fully Completed
[2020-05-12T00:00:44.838] [INFO] APP - Responce Time of search By ID 238
[2020-05-12T00:01:02.832] [INFO] APP - Success Fully Completed
[2020-05-12T00:01:06.352] [INFO] APP - Responce Time of search By ID 242
[2020-05-12T00:02:38.820] [INFO] APP - Success Fully Completed
[2020-05-12T00:02:40.855] [INFO] APP - Responce Time of search By ID 243
[2020-05-12T00:03:51.463] [INFO] APP - Success Fully Completed
[2020-05-12T00:03:54.142] [INFO] APP - Responce Time of search By ID -731
[2020-05-12T00:04:36.018] [INFO] APP - Responce Time of search By ID -745
[2020-05-12T00:05:38.220] [INFO] APP - Success Fully Completed
[2020-05-12T00:05:40.400] [INFO] APP - Responce Time of search By ID 218
[2020-05-12T00:06:35.666] [INFO] APP - Success Fully Completed
[2020-05-12T00:06:38.337] [INFO] APP - Responce Time of search By ID -322
[2020-05-12T00:06:43.880] [INFO] APP - Responce Time of search By ID 239
[2020-05-12T00:07:31.487] [INFO] APP - Success Fully Completed
[2020-05-12T00:07:33.678] [INFO] APP - Responce Time of search By ID 384
[2020-05-12T00:08:07.757] [INFO] APP - Responce Time of search By ID 256
[2020-05-12T00:08:12.795] [INFO] APP - Success Fully Completed
[2020-05-12T00:08:15.073] [INFO] APP - Responce Time of search By ID -742
[2020-05-12T00:09:38.452] [INFO] APP - Success Fully Completed
[2020-05-12T00:09:40.689] [INFO] APP - Responce Time of search By ID 293
[2020-05-12T00:10:39.148] [INFO] APP - Responce Time of search By ID -744
[2020-05-12T00:12:22.218] [INFO] APP - Success Fully Completed
[2020-05-12T00:12:25.230] [INFO] APP - Responce Time of search By ID 225
[2020-05-12T00:13:13.260] [INFO] APP - Success Fully Completed
[2020-05-12T00:13:19.267] [INFO] APP - Responce Time of search By ID 220
[2020-05-12T00:14:05.008] [INFO] APP - Responce Time of search By ID -688
[2020-05-12T00:14:59.414] [INFO] APP - Success Fully Completed
[2020-05-12T00:15:01.413] [INFO] APP - Responce Time of search By ID 293
[2020-05-12T00:15:35.211] [INFO] APP - Responce Time of search By ID -588
[2020-05-12T00:15:54.697] [INFO] APP - Responce Time of search By ID 278
[2020-05-12T00:16:13.960] [INFO] APP - Success Fully Completed
[2020-05-12T00:16:16.430] [INFO] APP - Responce Time of search By ID 229
[2020-05-12T00:19:44.191] [INFO] APP - Success Fully Completed
[2020-05-12T00:22:13.104] [INFO] APP - Success Fully Completed
[2020-05-12T00:22:39.115] [INFO] APP - Success Fully Completed
[2020-05-12T00:22:42.122] [INFO] APP - Success Fully Completed
[2020-05-12T00:23:05.683] [INFO] APP - Success Fully Completed
[2020-05-12T00:26:15.086] [INFO] APP - Success Fully Completed
[2020-05-12T16:51:59.366] [INFO] APP - Success Fully Completed
[2020-05-12T16:52:07.863] [INFO] APP - Success Fully Completed
[2020-05-12T16:52:13.703] [INFO] APP - Responce Time of search By ID 272
[2020-05-12T16:56:47.832] [INFO] APP - Success Fully Completed
[2020-05-12T16:56:56.781] [INFO] APP - Success Fully Completed
[2020-05-12T16:57:04.843] [INFO] APP - Success Fully Completed
[2020-05-12T16:57:10.499] [INFO] APP - Responce Time of search By ID 220
[2020-05-12T16:57:35.324] [INFO] APP - Success Fully Completed
[2020-05-12T16:57:56.872] [INFO] APP - Responce Time of search By ID 507
[2020-05-12T16:58:38.449] [INFO] APP - Success Fully Completed
[2020-05-12T16:58:44.640] [INFO] APP - Responce Time of search By ID 220
[2020-05-12T17:00:39.909] [INFO] APP - Success Fully Completed
[2020-05-12T17:01:24.804] [INFO] APP - Success Fully Completed
[2020-05-12T17:01:27.921] [INFO] APP - Success Fully Completed
[2020-05-12T17:01:33.178] [INFO] APP - Responce Time of search By ID -779
[2020-05-12T17:04:07.416] [INFO] APP - Success Fully Completed
[2020-05-12T17:04:19.596] [INFO] APP - Responce Time of search By ID 267
[2020-05-12T17:04:32.911] [INFO] APP - Success Fully Completed
[2020-05-12T17:04:39.400] [INFO] APP - Responce Time of search By ID 239
[2020-05-12T17:09:13.551] [INFO] APP - Success Fully Completed
[2020-05-12T17:09:19.992] [INFO] APP - Responce Time of search By ID 233
[2020-05-12T17:09:40.323] [INFO] APP - Responce Time of search By ID 238
[2020-05-12T17:10:41.542] [INFO] APP - Success Fully Completed
[2020-05-12T17:10:47.054] [INFO] APP - Responce Time of search By ID -731
[2020-05-12T17:13:50.756] [INFO] APP - Responce Time of search By ID 395
[2020-05-12T17:14:57.227] [INFO] APP - Responce Time of search By ID -666
[2020-05-12T17:15:11.105] [INFO] APP - Responce Time of search By ID -744
[2020-05-12T17:16:52.041] [INFO] APP - Success Fully Completed
[2020-05-12T17:16:56.516] [INFO] APP - Responce Time of search By ID 216
[2020-05-12T17:17:53.671] [INFO] APP - Success Fully Completed
[2020-05-12T17:17:57.685] [INFO] APP - Responce Time of search By ID 287
[2020-05-12T17:19:05.647] [INFO] APP - Success Fully Completed
[2020-05-12T17:19:10.767] [INFO] APP - Responce Time of search By ID 215
[2020-05-12T17:21:36.806] [INFO] APP - Success Fully Completed
[2020-05-12T17:21:44.790] [INFO] APP - Responce Time of search By ID 240
[2020-05-12T17:22:38.301] [INFO] APP - Success Fully Completed
[2020-05-12T17:22:45.416] [INFO] APP - Responce Time of search By ID -401
[2020-05-12T17:23:15.593] [INFO] APP - Success Fully Completed
[2020-05-12T17:23:21.466] [INFO] APP - Responce Time of search By ID 263
[2020-05-12T17:24:18.032] [INFO] APP - Success Fully Completed
[2020-05-12T17:24:24.126] [INFO] APP - Responce Time of search By ID -763
[2020-05-12T17:24:49.656] [INFO] APP - Success Fully Completed
[2020-05-12T17:24:54.047] [INFO] APP - Responce Time of search By ID -787
[2020-05-12T17:26:06.590] [INFO] APP - Success Fully Completed
[2020-05-12T17:26:10.640] [INFO] APP - Responce Time of search By ID 233
[2020-05-12T17:27:38.776] [INFO] APP - Success Fully Completed
[2020-05-12T17:27:45.137] [INFO] APP - Responce Time of search By ID -756
[2020-05-12T17:29:58.839] [INFO] APP - Success Fully Completed
[2020-05-12T17:30:05.544] [INFO] APP - Responce Time of search By ID 240
[2020-05-12T17:30:32.656] [INFO] APP - Success Fully Completed
[2020-05-12T17:30:37.013] [INFO] APP - Responce Time of search By ID -782
[2020-05-12T17:32:50.069] [INFO] APP - Responce Time of search By ID -724
[2020-05-12T17:35:42.522] [INFO] APP - Success Fully Completed
[2020-05-12T17:35:49.158] [INFO] APP - Responce Time of search By ID -739
[2020-05-12T17:36:02.773] [INFO] APP - Responce Time of search By ID 233
[2020-05-12T17:36:49.801] [INFO] APP - Success Fully Completed
[2020-05-12T17:36:54.834] [INFO] APP - Responce Time of search By ID 238
[2020-05-12T17:36:56.872] [INFO] APP - Success Fully Completed
[2020-05-12T17:37:01.510] [INFO] APP - Responce Time of search By ID 136
[2020-05-12T17:37:25.706] [INFO] APP - Responce Time of search By ID 228
[2020-05-12T17:39:49.831] [INFO] APP - Success Fully Completed
[2020-05-12T17:39:56.097] [INFO] APP - Responce Time of search By ID -517
[2020-05-12T17:40:24.011] [INFO] APP - Success Fully Completed
[2020-05-12T17:40:29.593] [INFO] APP - Responce Time of search By ID 230
[2020-05-12T17:43:06.725] [INFO] APP - Success Fully Completed
[2020-05-12T17:43:11.399] [INFO] APP - Responce Time of search By ID 213
[2020-05-12T17:43:15.647] [INFO] APP - Success Fully Completed
[2020-05-12T17:43:20.149] [INFO] APP - Responce Time of search By ID -774
[2020-05-12T17:46:39.233] [INFO] APP - Success Fully Completed
[2020-05-12T17:46:47.799] [INFO] APP - Success Fully Completed
[2020-05-12T17:47:46.638] [INFO] APP - Success Fully Completed
[2020-05-12T17:47:56.081] [INFO] APP - Success Fully Completed
[2020-05-12T17:55:10.213] [INFO] APP - Success Fully Completed
[2020-05-12T17:55:14.536] [INFO] APP - Success Fully Completed
[2020-05-12T17:55:15.568] [INFO] APP - Success Fully Completed
[2020-05-12T17:55:18.697] [INFO] APP - Success Fully Completed
[2020-05-12T17:55:33.210] [INFO] APP - Responce Time of search By ID -785
[2020-05-12T17:55:35.467] [INFO] APP - Success Fully Completed
[2020-05-12T17:56:10.158] [INFO] APP - Success Fully Completed
[2020-05-12T17:56:34.146] [INFO] APP - Success Fully Completed
[2020-05-12T17:57:09.863] [INFO] APP - Success Fully Completed
[2020-05-12T17:57:14.736] [INFO] APP - Success Fully Completed
[2020-05-12T17:57:47.579] [INFO] APP - Success Fully Completed
[2020-05-12T17:58:08.503] [INFO] APP - Success Fully Completed
[2020-05-12T17:58:19.903] [INFO] APP - Success Fully Completed
[2020-05-12T17:58:21.270] [INFO] APP - Responce Time of search By ID 253
[2020-05-12T18:00:14.775] [INFO] APP - Success Fully Completed
[2020-05-12T18:00:16.169] [INFO] APP - Responce Time of search By ID -769
[2020-05-12T18:02:08.002] [INFO] APP - Success Fully Completed
[2020-05-12T18:02:08.902] [INFO] APP - Responce Time of search By ID 282
[2020-05-12T18:02:32.320] [INFO] APP - Success Fully Completed
[2020-05-12T18:02:34.039] [INFO] APP - Success Fully Completed
[2020-05-12T18:04:49.780] [INFO] APP - Success Fully Completed
[2020-05-12T18:04:50.559] [INFO] APP - Responce Time of search By ID 239
[2020-05-12T18:04:51.993] [INFO] APP - Success Fully Completed
[2020-05-12T18:04:54.205] [INFO] APP - Success Fully Completed
[2020-05-12T18:04:54.341] [INFO] APP - Success Fully Completed
[2020-05-12T18:04:54.573] [INFO] APP - Success Fully Completed
[2020-05-12T18:04:54.820] [INFO] APP - Success Fully Completed
[2020-05-12T18:04:55.095] [INFO] APP - Success Fully Completed
[2020-05-12T18:18:01.991] [INFO] APP - Success Fully Completed
[2020-05-12T18:18:03.850] [INFO] APP - Responce Time of search By ID 252
[2020-05-12T18:18:22.324] [INFO] APP - Success Fully Completed
[2020-05-12T18:18:27.186] [INFO] APP - Success Fully Completed
[2020-05-12T18:18:40.365] [INFO] APP - Success Fully Completed
[2020-05-12T18:19:07.154] [INFO] APP - Success Fully Completed
[2020-05-12T18:19:08.131] [INFO] APP - Responce Time of search By ID -720
[2020-05-12T18:19:24.778] [INFO] APP - Success Fully Completed
[2020-05-12T18:19:31.507] [INFO] APP - Responce Time of search By ID 215
[2020-05-12T18:20:05.425] [INFO] APP - Success Fully Completed
[2020-05-12T18:20:09.961] [INFO] APP - Success Fully Completed
[2020-05-12T18:21:24.494] [INFO] APP - Success Fully Completed
[2020-05-12T18:21:27.931] [INFO] APP - Responce Time of search By ID 220
[2020-05-12T18:22:29.206] [INFO] APP - Success Fully Completed
[2020-05-12T18:22:29.985] [INFO] APP - Responce Time of search By ID 293
[2020-05-12T18:22:39.025] [INFO] APP - Success Fully Completed
[2020-05-12T18:22:45.205] [INFO] APP - Responce Time of search By ID -774
[2020-05-12T18:22:47.930] [INFO] APP - Success Fully Completed
[2020-05-12T18:22:48.701] [INFO] APP - Responce Time of search By ID 218
[2020-05-12T18:23:17.187] [INFO] APP - Success Fully Completed
[2020-05-12T18:23:21.265] [INFO] APP - Responce Time of search By ID -719
[2020-05-12T18:24:40.047] [INFO] APP - Success Fully Completed
[2020-05-12T18:24:40.848] [INFO] APP - Responce Time of search By ID 272
[2020-05-12T18:25:39.740] [INFO] APP - Success Fully Completed
[2020-05-12T18:25:40.805] [INFO] APP - Responce Time of search By ID 273
[2020-05-12T18:25:47.362] [INFO] APP - Success Fully Completed
[2020-05-12T18:27:26.379] [INFO] APP - Success Fully Completed
[2020-05-12T18:27:31.761] [INFO] APP - Responce Time of search By ID 480
[2020-05-12T18:28:25.410] [INFO] APP - Success Fully Completed
[2020-05-12T18:28:26.784] [INFO] APP - Responce Time of search By ID 222
[2020-05-12T18:28:32.711] [INFO] APP - Success Fully Completed
[2020-05-12T18:28:33.764] [INFO] APP - Responce Time of search By ID 269
[2020-05-12T18:28:36.838] [INFO] APP - Responce Time of search By ID 261
[2020-05-12T18:28:48.508] [INFO] APP - Success Fully Completed
[2020-05-12T18:28:49.258] [INFO] APP - Responce Time of search By ID 155
[2020-05-12T18:29:04.480] [INFO] APP - Success Fully Completed
[2020-05-12T18:29:05.222] [INFO] APP - Responce Time of search By ID -774
